<?xml version="1.0" encoding="UTF-8"?>
<!-- Generated by org.testng.reporters.JUnitReportReporter -->
<testsuite hostname="LAPTOP-6883ILH2" failures="0" tests="1" name="com.mystore.testcases.OrderPageTest" time="26.147" errors="0" timestamp="2022-02-23T17:27:00 IST" skipped="0">
  <testcase classname="com.mystore.testcases.OrderPageTest" name="verifyTotalPrice" time="26.147"/>
  <system-out/>
</testsuite> <!-- com.mystore.testcases.OrderPageTest -->
