<?xml version="1.0" encoding="UTF-8"?>
<!-- Generated by org.testng.reporters.JUnitReportReporter -->
<testsuite hostname="LAPTOP-6883ILH2" failures="0" tests="2" name="com.mystore.testcases.HomePageTest" time="33.953" errors="0" timestamp="2022-02-23T17:27:00 IST" skipped="0">
  <testcase classname="com.mystore.testcases.HomePageTest" name="wishListTest" time="16.485"/>
  <system-out/>
  <testcase classname="com.mystore.testcases.HomePageTest" name="orderHistoryTest" time="17.468"/>
  <system-out/>
</testsuite> <!-- com.mystore.testcases.HomePageTest -->
