<?xml version="1.0" encoding="UTF-8"?>
<!-- Generated by org.testng.reporters.JUnitReportReporter -->
<testsuite hostname="LAPTOP-6883ILH2" failures="0" tests="2" name="com.mystore.testcases.IndexPageTest" time="22.603" errors="0" timestamp="2022-02-23T17:27:00 IST" skipped="0">
  <testcase classname="com.mystore.testcases.IndexPageTest" name="verifyLogo" time="11.556"/>
  <system-out/>
  <testcase classname="com.mystore.testcases.IndexPageTest" name="verifyTitle" time="11.047"/>
  <system-out/>
</testsuite> <!-- com.mystore.testcases.IndexPageTest -->
