<?xml version="1.0" encoding="UTF-8"?>
<!-- Generated by org.testng.reporters.JUnitReportReporter -->
<testsuite hostname="LAPTOP-6883ILH2" failures="0" tests="1" name="com.mystore.testcases.EndToEndTest" time="45.591" errors="0" timestamp="2022-02-23T17:27:00 IST" skipped="0">
  <testcase classname="com.mystore.testcases.EndToEndTest" name="endToEndTest" time="45.591"/>
  <system-out/>
</testsuite> <!-- com.mystore.testcases.EndToEndTest -->
